<?xml version="1.0" encoding="UTF-8"?>
<testng-results ignored="0" total="1" passed="1" failed="0" skipped="0">
  <reporter-output>
  </reporter-output>
  <suite started-at="2022-01-28T12:37:22 IST" name="Default suite" finished-at="2022-01-28T12:37:27 IST" duration-ms="4438">
    <groups>
    </groups>
    <test started-at="2022-01-28T12:37:22 IST" name="Default test" finished-at="2022-01-28T12:37:27 IST" duration-ms="4438">
      <class name="googleAPI.SpecBuilderExample">
        <test-method signature="addplace()[pri:0, instance:googleAPI.SpecBuilderExample@52bf72b5]" started-at="2022-01-28T12:37:22 IST" name="addplace" finished-at="2022-01-28T12:37:27 IST" duration-ms="4359" status="PASS">
          <reporter-output>
          </reporter-output>
        </test-method> <!-- addplace -->
      </class> <!-- googleAPI.SpecBuilderExample -->
    </test> <!-- Default test -->
  </suite> <!-- Default suite -->
</testng-results>
